<?xml version="1.0" encoding="UTF-8"?>
<testsuite xmlns:xsi="http://www.w3.org/2001/XMLSchema-instance" xsi:noNamespaceSchemaLocation="https://maven.apache.org/surefire/maven-surefire-plugin/xsd/surefire-test-report-3.0.xsd" version="3.0" name="encryption.EncryptionTests" time="0.393" tests="4" errors="0" skipped="0" failures="0">
  <properties>
[...]
</properties>
  <testcase name="test" classname="encryption.EncryptionTests" time="0.201">
    <system-out><![CDATA[Encrypted(5us/char):FD4gggjv1qulNk/14rmu3i9SXQnDXPILRN6ffvngM8XVA1GIzE5Jcm+rZSWB4b+5D8G1QuJ8TQdkHh2TDMeQeQxakUnHlEEsP8waNgUlQCS8UTVenvO/usWN5HXVRia2mpjlKliuf15f62aFGrp+8p0mODvNQ0Xw3V+Ta3jEkp0=
WY7kQZNrQTRUVuU3bK7AGc8XGPk51ebcigScl81JY7TOAAmHZxyTm0KHHzFfaVQAZpKqhh6Dh+IXE+vSpQxNJJCVdMXaowsubd/BFghaJv6R6HJZT53MVwMe1w626gEwfbNZ94N3JTfGHZuwf5u8kgXYmkUCunL4Z+AxXFAfe9o=
PnDLG9QxQobNbt48+aMI4RajkLan/1IjZKsoiwt4AEI0QIfLNtd6QttlYS8UhbwGIdNWhDccrCJUVYOc2KQr6FMkLEEv3SxmbI5DAfBATKPF7DbmAPNPTsOxRww5wmW6kiTovh8pOEs0iAGhQwk6r+mCZY5ODGMxPV6SVbxTsas=
KdgUtJ7OroVbc6ffl9yMPqbc3I62dDums8H7OTjEXaL9dEZQ9bsj3J/HunKs7UcIaIbclri+q8EHMifF41zzrrl9svDlZc2+pYN/MfOcHOhXlYLPS3V6XSWiBHkJWSVgY6ijOCj/0O2A5cU01uNDEjIL3oREwHWAD4YTsdK9UzA=
EG6c8qotTeG0Duetx8wZf2/qoF3cafwAAZ+jw+GtlBoNw1/75K+G0VjUxE8nIMhyfZpg4VlwG5JmxYkO5rHOpmp9mOKFM3eQueSzVQ0jO8VgYgD70O1wSWFJ8NoaZjkVtsjEW8MwZHtiHG+xMtM9lRA4IjuiGMdMQMjf7co1X3g=
kDY644Ffnfy3z4G1OhXlaCdX6Ru99vj2OwzaBUWFKJNIfiIRSbQMsKKjUOVgp7iSQE7ftZ6v4imOmDh/xf6JVvFe04pA2f/mh6jbWYI6Jhqtah3AeQRSQIPXxHBve7/yM91CbX2nP6uIJY/V2SWqnqJ0PgZXgCpqVADqGXTnrOQ=
EA0vFnYMtAV0By23+UzV6kIyQVKB4F/ouGjSyI6SZbLLI8mFU5f7i8JFZ7Tmy+4xJ4cqEcq9AtWyy3JTtkPULvhM0zsx+q1pqgNwtxpK+1Lmfh0XzM5JR0YdFIJQG6mewk5HjSiSEycBuMdgR8goxgDI9edGXoNIHhQ/nYyHU/w=
SQuS8bEh+bMLwA8b4AX7j6lcYBHwrv3HL7l6Lr1TtSQ/TVhtalqWrx71/9wnpWqwyaSJcnD4Z3Wxir6Eakgpc3eO91uW/V16kLkOIKOD/3PZRZ3Z+xgFr7AU5SjdCz36vX370ENrPBr7dXekBqitHk38dKYrISTmJGEGMtKFhlc=
m1/0/i7Savb72+iSgw2IiLQyKD4w98LKIcdr2tqHpMAaNStu7tc5bsp9FJVPz2odLFe57sz7/lIQugpnmkAeRrUmIp6/EwNQ4k3hIuO+Z+RpkxNEzmw3zhlx5Z6oD1LEWtxHp3GTHyw+aNKM83CXioIeOKNPekBa3APdJGfb0sI=
Eq5dcI9k7Gz9LLVzpTvDmJM8KJehCAaV70wOzk42qPTtT8ylQtAJlQfACmVgOVjvaYTu4uyyPjWYN1wPvW+XcMLuUj0M/9P1XSZAJLywaVNRYMspI2iDluK2ZyaeogB1BSLT5ozv9jpx0LB12IojkmKc+5qutaHimfYaM53uevQ=
ftNS56QLG16zZ6yuNAZ8+b7gkqcJFsaNJx5bHMghriuSs065DwjPtjMIdpGGbTuCsKHBtjBjLpU90epTtH6rix6kQvR11k8hIYeAx2zDFkriaUGDlaqOO7yHy6SJoCKC2+GjoyayxgCKxHkcJlvTMOa1Dggj60cObTV+rLuyO1w=
JuSMMMPynDd4I4hhnzjVOobIwZuepSe8opN4HkhbC7gqxJXyUZcLQPPI4Oik0WauuBALVNTuXAs/FDMSj28pAQAVSOs5i7KOBJcGtyxsefuqQpClkeltPoh1j/1eSEk20sf4Bcg7Bu8eBtV1aDexYvjYfj6dprkttpBNP27jp/Q=
CHLmNlpCh5alxda7HCNP8IDWXRdPXYvusVfCXB7EqleW0dDMYb5KNtK99OJPBTi/jZYI6MVZa1tYb1Df7eMi5+6/arFEb1t94zQBCDAufWQrNCqs8lbT0kp4p2smEnetRQRdTK/bFRCQ1/cak13GGkWeUEB0wV6TX5Il+9oiBWM=
DDl0GQ+hQr+1KYqQXOgQXA08mz2fOkuhTYUo7EQ+P6PjVElvXjxU/XgmLWaIAECf++ceh8lHYcpafM+soirTeaXpxXujRqVqK+YNaLK/MxKLt7pPEJVQYV9zAWcFAqpHtuVeKiHe/HdlmV4XDZZNN/p5hlYfT6ni93JfCrxTenc=
r/gzb1OaOvsfsok+GKxx31a8OAft+UrZe3oDJ0vzA41eL3uDxZnCCFm/iW1JFdVrmbEM+FGf4ygaciukVGHoKdF7IsWIIztDnx3hFqMKDd3zlIF0piHiP6zP5Hi0LBfGUToAn2w6C6Ep6flRnYP5Obn9//W/K4MXH/6Jp3M/Jtg=
sPLfB1IndovPJxCDcvCCBCUpmyYiBZ3FepMN8k6gr82KRY7Fl7G2Zs3QYNDBf+rHkCmXKFEgf+r6vRp8sn2fCyGs1Z2cDEATEb7HGbC6Jf2qr/TNK9pXvO9TYnGhGJo3R4Aq2MHOIjtoisnwHQG4PLkuvwcyvY6Ek4rIwE5NjJc=
kNHjYCPLiPiCBtsESUdyziRyccOEROUYhT1PizSkSuAcH/7+RCs3QzKxpr9vrH1I8J6PH7re53rYcbAM3PZODg4HcsRxz2OwNm/rh5Cy+8GdSO7zS+H0LhNKVHfSFfCCDvi2em+0SNtUzI0ln8LwcN1J05u3wWmiJqayn+1NXBg=
AkkR3KU2rnv4ZNK7rCdviFd3uNbaHE9/fW+fe48VE55JRbXmaB7LcrspS4PgxDkEa0X7IaTT40ljO8PLKzl8+ohWqPy2qGq9Ddqt85+qk3zB92Vpt1bIl74pQn2o0DTAkk8kEUSJLw6If3y27lodwvQ1d+ld2CLzxVRPvGk8GJo=
ax1ZimLzHzWXmAxQ2dpMRlBYWIeGVYyvg3GNndHuiBWibDF3b0t3EN4eu3MYlymbNtFhnMaY8BSqrzc1PxEUrUsE9sf1xZCDdp3dM8TiXihFl2BBdxG6JzuMdcB0GAejX4sWJyriJWSKwEYHD2V6A++rzWzbvNw/PbpJfTw871U=
AJaXSWOb5am1PsoPZtZKZwGxEKH1KANjOh2IATUIh+Dg7d/Dod6oLRxRQv2AQOPJVP4/wNFtwyjH3WW3rz+/42unH9LIGJSaJ8sJQY+LYCWQPLxSyfxHuthFqDA9nAK1slN7iGW+97gfh3Xz8wm3w1K7SXGvU946TQeeR8OwpP0=
TtbnjR1U2i8garbPWn7VNNTChP5BM4+dSLsFWy14Hyed2tVaTh5dYXghfnaQ1qDk3m4YAR+XG36wm/kb+mphV6OYDPNp5WxXsImcPDC9D6doZ0RpJ8ddhFywFsZlmKjT/N/NgGVOJ0jZ7kngRCK4xPcamtjDqpWG3dsxMHtIl5Y=
tyjp//e6mUy8/IJ3G5V9//2AvBkGk13uFjTeoIsgjreY5Orm8iI/vcTHCP0fJZB3O+Z8RdytyrVTddvG5Rg988oITV9FfsNlp/Tx7rSbxkECb+Sr5W56Oa+ndicV2VPcBiajCDJ0/mQ7P2qsf/sEc1JRmQxAR8zd/N0Zd8sILVQ=
KNkvr4wUu3GZCWt6OLQUtwyjNjqtYqsAXHlLQalS/8TE2Pn4jjOLwIoYzwKMnDyrWszOLvIwHQOLGcp659FpOqn2rOzmGBw6NacWmMKlbTF9G8/I2ifNALx3wmNFDGeAJiJ/ClcBYq5q4+6U8RbAHRiPSQVws2m/sjkt96AMA3c=
gRDAYPvfMff39qzaSKJobIPolW9+TzWLjA1WeERCmdxWxyg/h1KxVP2ah/Bbq2EI+YeUIAw3/AA84O53wpbZr5xoGzA1cmN6/e7oAKR0nb+1YzQNJjaFEuPGQAuQ739V32UDzWBVgVcer61nloAA2QnCxeJhPbhVuH4oSeYz1hs=
uw2oO7j3UtpdumytMyfUTf2k198oPq6zdMbfrGqYf9ttHIZzqKPVyGfmZ7OCrg4NFljgJp9s2K5rAUaIKr+rUs/aIlzTLEt37cgzO4GiSnJ9TBEQDq1D3k2ocQzXon1Ii0kkLmpxuQpqsx1iQ6ZzUAsxFTVHbom2ztOz3qkWBzE=
p7dKG5yNPiMqWIM5fpAvGv73XvYcsqIHgnE37xZ3sFG3uWNDBMehQalNv6sH9kZpiK/VlC9algu0sd7ewrBjJZgHFRbVvd48Ga1u9GMXOaYUFzLp+0/buABBdpIu9eOSKG6rGQ5DhcloigQ3uizgGKGycQd+fJgoCcn+5MEfDtU=
SB4voh+upTZbCJisfSegCQ+mgVi8r0H6f2kI12gCxgvA6Tlz7nsf/mjJwjxDNXSniPJ4PUdC0oy6hmzLnXG5CCz8B6tBHe3Z5Qual6iwRb/Cx5TvmZXitgTdVrl0ViLRrREuE1TAAOgfSmq4YKcJCutDBUKIrXZZB2TpsoC0xJk=
AG8HWveTGhl/g0wxzEWMdxJU5RNPBEAS9CfDWRpq09uTTmn31MtT4gspkhqPnSwUbozIJCQaqexBJBSc7dq0i32NgrpzV9rnpI21VGoS3FufdXb7hQgOGFdEu8PhFbDHN//Md5WAoN7/iaN+TykSKIL8Ya5LYeuay7GdwHA/aDM=
eKrZ247fEDva5rJ07C5a4y+4+IElvRXhmF4k8CLQh4K5S7lf8DZjQgBEw8NIkyqCW2SJPAYyOplFOr2IllHPhttFjJH0N/DPuUwbc1k3Iz2FOdt4j8ewpMlHBoggb7sFlX6tyBlGkpZx3vuey9rGoS6W1Cfg4u4XE0qWVCiPrV4=
ONVlL+n6y1lgbyb+LetC4xMXm72MR3+s5j/y+f3eyOpi46wkr/NJa1vP5pn95YuIna4v9VTkL3vIwuUuYfZ2VYVu2j1PDrWnfiPT1mhEJtUrKBsbp28gKIA9PYHuv2pq84EzfzvAJVLFW/Hu2NFgocES6LwvmzrLVgUImYQ7EEw=
xSRz4FWVcM0d7cWfcgQ5NIKukrgf0uvn8fXZGQhLoNe175JUobBq3JqB/XPcdMM61UDwxC4JWKvZHMp5dKMthRj4SgFKR4OSw+/XjyTM6NlKU2jDDVLc7JHAm5Wgam3C7Cloj2V1mwNdhKHAjE8uUSpOkECIknQK05SfRmoRcDY=
iT8PZP2pUZZWRE/vk3XD5Ws3u5DmqunTFvLB86Qv6BTTzTfX5klarCsyVS/SMZglN8bbesy4+CvDpDAgosz6C6SV00QcJV2cdKRBVgPcYJY8xB4HSWltxZDyUMt1GOvmtTgHksefUbPfZhmUBPQrK6PfhS4sDSzEdnWLB/4eHww=
M4QPUF+YqdtUI07QeorYvebsEONNCzENNtTA7j5fGm0PE9X6h7qgLJoWSo/Hd5vxmr3droHf2ldu79fxEsGTzPY/EEUbTMNqq+AblYjyNvOdP0NeVbAUoiCFIh76k1hQ5Z7F8A4Z2UIIU6QYXHaytxH6gKz5B57MNDQYfczue2c=
x3HrTV7BGcjqMAwT2QwoU+/VD2ED+ZRUDBVnbHwK7fbVH+z7n3aAwAEu2ya06dWWTsL3SSCpfziCKLzA2rg28+B9aFXJfZpgT8TmtsVXVolZH9y6B9YdLQzf//uxF/O9qHy/pLOr5l3N62sggk1K3ZyLTXSslUA7CJ3ngjeXKtY=
nxd1xfo2BTbiJ8VPXACiUvZjxQQEIx7MhMJsnPGuo4fk+YeoRSu1pKlJEQDmjkzr3Fvwm5T9EyQuotQOuFCv6LZ/G5HQ6p0UEc1cUS21FYDJAvHCM1mOEn5JG1QfGPrYadlEtvnU4E413uuNA4AJzKhQXKSrBVc8dNvAuMMF5Lw=
AmnKhdsQGVvEUkKMI8VdRQyMARslOrfyDPZ+Y98XLxzAmf1RD4MunRQrBIqY67imKAxNDTBm4hvrAFTrqI28Fyk0GbkqMbgJZ+X0L4EuemlNnOOEPJpaz048JF5zWAKTBAQ3yR1R8o+h/R8EtxS/4Pncom7Fkne30wi27M8Zrr8=
iJ8cHHdzOAJhXz09TfjeYJoHkxrnqmKvI+c9iHrbwN41pBLf/d4aPoynVtacR/XUckzeGqeG6+B7PMYALGK8QkPUIgq3mQeUYSsW4p01OyKfRs9ykyM/Oq2g1OnXDhykr56VwXBbQRcqGw+dqMpnerHpWe7e31306kL/Gjx/618=
IGvhedajk/+/nAUAa0ozyBNGYseAP8eYSa8O4NRHwlK5PeRtrTRefCaPoDtyH6aW1ohFWBRdgswq1w0AFwYiapjBR9yfAApT5vtw6miFwR0R+f/s7aGO0HhUaUHpxpG71I9DuUX7vyd5rT3I9RwlkIyj4maAHR612CGL5QaiWXM=
OmZIy/gXNef4jiwPZsQcK5YPJLWN4ZEXtVLJP2T/8gLgd879Hw0OwlpHrHeyR4alLJugUEzxktgxL1ch4f3RgEHGZNj/6C0SzCIsIQUExnXVa0ynwkEdZfNKDMcu45jTxxoYCTLuELT5kllvzVIwGp1HUfMD/CwBbMzl38Mmnlc=
Y60qpHZWtO4sXpu5YbhwdD7KgwNnRrykbjYalIHc4IGz8HP6Eie157ePiOMZpXjKIS+xJY1j/ZsYqmrIxbDbFWETi5RymZZr51J1iylsKwrSzNJJHShwkuJvdElz6U895fbNFWINTehMC9WvoVnIzSd0Jw9BU9j6YyqvmFR3z80=
xUy4k2QjswwDSfpv1mn7VaZ4hRmvxETjdnbT1mOTLlvXIqbpSwqAaG/D6d2XNr1Qs9+W4lwrLAysuq+tu91cg0romrE8GQN3O2jgPljQd9boDmgjtDcR9fi5T82n8wcJleVNVL95TtsPlp7jtF7dPHNGJykCdftXt7RjWK0rBVs=
smA1vKWf0B4M8MbDFqxfrkA2N9r8uRFkbnpG65QJTTqJVKFMWnALHCOjMXV225lM0V3qk4ywsvSbvtZMezYqNpnMqjqWWihRnUdA52RBh0UwFWaFjcYXLdkZl/xCYuKnXrhXpPgHbgqYVL0phgwBoz1SM+9olRuBdnSUdE2HsfI=
vfsrOhwJTPHoyfe6Ozd0k9aqy0Yvbe4oFYl9wVDLhTFMfsat/0xxEU95onusSLQ0hUbkVGTzLRiWH8fWh2tMKhds8Ot9NtRRChfXrTRXEaQeoXKodf53rxmTZysdZt7A+tVnf74hLXH/7xZJxnwWSwtq5KG4tMCguaKa/fuRKWg=
WstkCXpm70JDGvjNiLQKEwoer3nMoIH80ls0UOEkcEHWjhMyqbfrkLJzohoI9EG0j4sLH0ugajf1K0sxjrVrz3ThT2lmtQdLJSWJ18G+Jv7LqWLhxmaSQSklcz6xMxsMHC1zeuBQdgCiMYPm6Jz5IIinuGMbBCOW2zHeuODqSTM=
FU8naNJj8cHb466AFBQL6RYyQdOUvIWNJoZbZRWYnFVBWAzmZ4E6uCMs5d8xBiztsAN7EM0Jag0cOUvvCDlfYvMgWtpJZSUbToFx/AVMFjWqOldd6iFjTK1ooAYwmJI2oEQoT481wRucUdmecpM0e7ECYF63HnXflWcbqw872dc=
SQ5MXqfjzGV7+RjX/y5xKBnrlB2PN0+Za+Cem1pe546Mhlukh8Bef00IKwh7SD39QZ46lyp4C9a/5UkxaqVJzb4N89AbhexnYke1SIJ+4OI6v4HwT+co8jzKCcLW+ezsjdiiMnzNycjyoJ6MZbFyxR4aXLeEv/hSgvIw1xOLA34=
G6ahyxzSsBOqHcd8MDO9G9C0bi7RF9E5c3bvsRJ1cpR9dWN4umn+uj+PBiKZl9fYQR9vvhg9EoXmFvoNN/te5OzsQOQnXJjqLMxXTTXmoMMPxlvsSr1LbxlNjPruNlRl9mK4jrHEU1GEU5QZly+caVJjnxk2ewo58Q61ko5wdfk=
xELogivpal/h8pp1vu7znGCXFunsHZHBrweQAeX7PVZlpWFLvL1KOKDVH97/NUAkzO4e8mX3SFr5fzzBj0FUjU/ufOderjjJWcZFOjk9+qPjRhcOU/cvXLM70g2vrDBhQuWAQva6FmFb2YXs+VIMcQL/px5tACyn+mo93iLbn5U=
vEhEZe2GQi8r9CVFCr+tDzXSOqIlsFoHheQQXD1U9emsHqORq6l+n501DPkPOt63lEwSK684+Witxj87J/A5rhcX+Z9lvZmUeSnPPabZopHj1USVsqffIaYf9Kh7lsJh2NMFMi6GQ2qAv9+6b8Oop8c/952ZQaCkIEqAR0w7hgY=
La2ya43nZwzLGroS7FK24EMSScA/4P4nd7r7i0HD2A4XlLNmWdOcy6BJi6JoF6GbQ1m6Rnhfuj8wONAfs7/wCxo8HPegM16QaZSqfyL9DXW9D2yn3M7LguAaw+yLNERM4XXOc8CfY9NQXTz+QEXT4Lav1LVs5N5rzrdPARVYX60=
D7/3nFRimFAwt/0NLvaELLpzdq6mkDcFLw4Pz+vMPG5GYyua2bDF2FA0cg/pi10HPj+7KsM2TcCo0Fg+HIkBi/97QGQcrCkeoZzczb3MdoKjoPNrXvsAO8tbo/dpHwsXtA8iOi364O0vS+4SdBh8KohxhPy2T6GDGbS8hJ81w6s=
GbFMme7Efa6kC5dmdMpTtWvkGzefT6luWJcqZajvW8IasTXkejZlU5Sc/5FuXB/+U7SCXu/E21edSyyjqnrUfRTRYdFIraVsZW57NjX3nxMiNeXuNdVOKpfb7RMKeyRbn9na0xGzCqayVJJci+6rjSFS/0SKpxxuQppKDOx23Wc=
fFJytVCYzd+D+Jb5/ymwR7pUw7SzEdDvyX0kZi/EYvtdE8S/fFt43PB/tqwwpz5D2/B9QjOCEQNz/WLDzgKNK+iPfAAKNSBT1X4FvR5g/BOzFSt3P7pr59GKVZKSpX3pj93KzMX2Cy2o65sIKxj4p58tgHsAK7IC3UgtNmK30PY=
mr4cISXtLT1M78LYe7ddgQ9su656KxdquInmcUWTjzNiW8XfRopa2IZf9G4yCUBxkcyRibujjWaNJmF41JKmks0PkpvOerhXC0SCV/uAtTb4KD1HcFIdobkWKoQFahY8EVmCdA09goRnFUEZNb45lJr/vReiE/rNYE1l4LnLgrM=
TZR4uFoWgTdzCgWvUa9ST5E9Z+ezKO2deSVBuDIt7gAAQVwD/pX+Lto2r5M/qRj2SlrTyJJYYRpT8uA6VmgSKiTclGk7EtxJjh2iHvJfkxv6VzG51CP6VpZ8mAF36Hzy1D6APqpfNuzMmdmktwzVFQZCnOdSIKq6GEo452H8BCQ=
uIffrr4yaOiTBRKfb6eGe9GmSFBLXSl3QUL29N0ORLTO5RmljXQ4U/+Z54lBbsz94P5oObgYHLCw1T3hCAi6osDDeSEd/22fmQo9NmO5VoTp3xXWZ4eBGXLUEgAWm72s+qbpFgiFEd3vzPeLGI6vsZ68yepXnsUvpNU0B03KFos=
kkcxnG8JvRc3xQZVPNCuPMIuP+i2euuqi8lmrrplKAKr728XU3YPFyiXBoKVHtBnk4DXCgMSlz4cV6lLbMLxmbT6r4EBpcw/nFZuQjkZS+DkXqERD5BZMMSQs6nzlVgA0CzfGhMHBfJukOF7709pljsCJ16Xfn15F9ea+kPpIBg=
jqtXBdk98oYeDFkUnfb9OXGYbuT5+pFGaE/lyeNfoyEdZIKmAYg03Vvud6aT3LjM3xU+glZkhRT4vrv4ECYjxFaUmCBdZ8Ic4aYFpwcNHh/xHJDQFczvQOvyiwHIbCWZBuTzT+P92bGsC29B2U5ljhx9bwWLoY7mJRQSAUVfaQE=
piDTWnBrz6gr/uQVcyUZL+eOTrk9Z/DjdnfvXkWvlF30Zo9ORR0BWSEYpVPB0XKAi/j+ICmdGGUZ98lMLb1MmGvfU09lMp65QfiOlpcH7wM2bRtfjlrysRxQbslHNihF+E9GGcH4FloaQtXXcTMS9KWlcCjN+JWfU/KsnvigDNU=
V01OvShfUU6BxeYChDQlhrGVkjdUIyo+/apRAz9rgmBhvwqp87exB97+wPm7y8zx4l6og6qcCZE+XzTD/Uhhhd9roR7XyQSFrYJZq8k0Hwv7SdfGajtd0um7avsDzaKoHGIk3BH/+rzBEiY3l28bNqdoe2zV23TMvNdWenj7R1o=
Decrypted(2us/char):Hello this is a test!! Charlie was ere! Hello this is a test!! Charlie was ere! Hello this is a test!! Charlie was ere! Hello this is a test!! Charlie was ere! Hello this is a test!! Charlie was ere! Hello this is a test!! Charlie was ere! Hello this is a test!! Charlie was ere! Hello this is a test!! Charlie was ere! Hello this is a test!! Charlie was ere! Hello this is a test!! Charlie was ere! Hello this is a test!! Charlie was ere! Hello this is a test!! Charlie was ere! Hello this is a test!! Charlie was ere! Hello this is a test!! Charlie was ere! Hello this is a test!! Charlie was ere! Hello this is a test!! Charlie was ere! Hello this is a test!! Charlie was ere! Hello this is a test!! Charlie was ere! Hello this is a test!! Charlie was ere! Hello this is a test!! Charlie was ere! Hello this is a test!! Charlie was ere! Hello this is a test!! Charlie was ere! Hello this is a test!! Charlie was ere! Hello this is a test!! Charlie was ere! Hello this is a test!! Charlie was ere! Hello this is a test!! Charlie was ere! Hello this is a test!! Charlie was ere! Hello this is a test!! Charlie was ere! Hello this is a test!! Charlie was ere! Hello this is a test!! Charlie was ere! Hello this is a test!! Charlie was ere! Hello this is a test!! Charlie was ere! Hello this is a test!! Charlie was ere! Hello this is a test!! Charlie was ere! Hello this is a test!! Charlie was ere! Hello this is a test!! Charlie was ere! Hello this is a test!! Charlie was ere! Hello this is a test!! Charlie was ere! Hello this is a test!! Charlie was ere! Hello this is a test!! Charlie was ere! Hello this is a test!! Charlie was ere! Hello this is a test!! Charlie was ere! Hello this is a test!! Charlie was ere! Hello this is a test!! Charlie was ere! Hello this is a test!! Charlie was ere! Hello this is a test!! Charlie was ere! Hello this is a test!! Charlie was ere! Hello this is a test!! Charlie was ere! Hello this is a test!! Charlie was ere! Hello this is a test!! Charlie was ere! Hello this is a test!! Charlie was ere! Hello this is a test!! Charlie was ere! Hello this is a test!! Charlie was ere! Hello this is a test!! Charlie was ere! Hello this is a test!! Charlie was ere! Hello this is a test!! Charlie was ere! Hello this is a test!! Charlie was ere! Hello this is a test!! Charlie was ere! Hello this is a test!! Charlie was ere! Hello this is a test!! Charlie was ere! Hello this is a test!! Charlie was ere! Hello this is a test!! Charlie was ere! Hello this is a test!! Charlie was ere! Hello this is a test!! Charlie was ere! Hello this is a test!! Charlie was ere! Hello this is a test!! Charlie was ere! Hello this is a test!! Charlie was ere! Hello this is a test!! Charlie was ere! Hello this is a test!! Charlie was ere! Hello this is a test!! Charlie was ere! Hello this is a test!! Charlie was ere! Hello this is a test!! Charlie was ere! Hello this is a test!! Charlie was ere! Hello this is a test!! Charlie was ere! Hello this is a test!! Charlie was ere! Hello this is a test!! Charlie was ere! Hello this is a test!! Charlie was ere! Hello this is a test!! Charlie was ere! Hello this is a test!! Charlie was ere! Hello this is a test!! Charlie was ere! Hello this is a test!! Charlie was ere! Hello this is a test!! Charlie was ere! Hello this is a test!! Charlie was ere! Hello this is a test!! Charlie was ere! Hello this is a test!! Charlie was ere! Hello this is a test!! Charlie was ere! Hello this is a test!! Charlie was ere! Hello this is a test!! Charlie was ere! Hello this is a test!! Charlie was ere! Hello this is a test!! Charlie was ere! Hello this is a test!! Charlie was ere! Hello this is a test!! Charlie was ere! Hello this is a test!! Charlie was ere! Hello this is a test!! Charlie was ere! Hello this is a test!! Charlie was ere! Hello this is a test!! Charlie was ere! Hello this is a test!! Charlie was ere! Hello this is a test!! Charlie was ere! Hello this is a test!! Charlie was ere! Hello this is a test!! Charlie was ere! Hello this is a test!! Charlie was ere! Hello this is a test!! Charlie was ere! Hello this is a test!! Charlie was ere! Hello this is a test!! Charlie was ere! Hello this is a test!! Charlie was ere! Hello this is a test!! Charlie was ere! Hello this is a test!! Charlie was ere! Hello this is a test!! Charlie was ere! Hello this is a test!! Charlie was ere! Hello this is a test!! Charlie was ere! Hello this is a test!! Charlie was ere! Hello this is a test!! Charlie was ere! Hello this is a test!! Charlie was ere! Hello this is a test!! Charlie was ere! Hello this is a test!! Charlie was ere! Hello this is a test!! Charlie was ere! Hello this is a test!! Charlie was ere! Hello this is a test!! Charlie was ere! Hello this is a test!! Charlie was ere! Hello this is a test!! Charlie was ere! Hello this is a test!! Charlie was ere! Hello this is a test!! Charlie was ere! Hello this is a test!! Charlie was ere! Hello this is a test!! Charlie was ere! Hello this is a test!! Charlie was ere! Hello this is a test!! Charlie was ere! Hello this is a test!! Charlie was ere! Hello this is a test!! Charlie was ere! Hello this is a test!! Charlie was ere! Hello this is a test!! Charlie was ere! Hello this is a test!! Charlie was ere! Hello this is a test!! Charlie was ere! Hello this is a test!! Charlie was ere! Hello this is a test!! Charlie was ere! Hello this is a test!! Charlie was ere! Hello this is a test!! Charlie was ere! Hello this is a test!! Charlie was ere! Hello this is a test!! Charlie was ere! Hello this is a test!! Charlie was ere! Hello this is a test!! Charlie was ere! Hello this is a test!! Charlie was ere! Hello this is a test!! Charlie was ere! Hello this is a test!! Charlie was ere! Hello this is a test!! Charlie was ere! Hello this is a test!! Charlie was ere! Hello this is a test!! Charlie was ere! Hello this is a test!! Charlie was ere! Hello this is a test!! Charlie was ere! Hello this is a test!! Charlie was ere! Hello this is a test!! Charlie was ere! Hello this is a test!! Charlie was ere! Hello this is a test!! Charlie was ere! 
]]></system-out>
  </testcase>
  <testcase name="test2" classname="encryption.EncryptionTests" time="0.129">
    <system-out><![CDATA[digest1: J2EZXY7i9gdYylWocuO4sYuiZKSvIMbtwcLFbFEh1jo=
digest2: J4PfTuepeh3XIExPn2No47dK2/J9rNhhs4XvFHyP21k=
digest3: kql4oaMVXOXrLcavMrzanHlTwo4U8FQmQLBZ5mCImIg=
]]></system-out>
  </testcase>
  <testcase name="test3" classname="encryption.EncryptionTests" time="0.019">
    <system-out><![CDATA[digest1: mmGZSae4cLfkcABPlkcPDKtqkp4=
digest2: OQIpdRBr9HRpqF77afcPievYjeU=
digest3: FPpyyzdgzJ1Hjoxe92qOXEgDJI4=
]]></system-out>
  </testcase>
  <testcase name="test4" classname="encryption.EncryptionTests" time="0.043"/>
</testsuite>